  lapi.c
  lauxlib.c
  lbaselib.c
  lbitlib.c
  lcode.c
  lcorolib.c
  lctype.c
  ldblib.c
  ldebug.c
  ldo.c
  ldump.c
  lfunc.c
  lgc.c
  linit.c
  liolib.c
  llex.c
  lmathlib.c
  lmem.c
  loadlib.c
  lobject.c
  Создание кода...
  Компиляция...
  lopcodes.c
  loslib.c
  lparser.c
  lstate.c
  lstring.c
  lstrlib.c
  ltable.c
  ltablib.c
  ltm.c
  lundump.c
  lutf8lib.c
  lvm.c
  lzio.c
  Создание кода...
  main.cpp
  LINK : не найден или не выполнена сборка D:\codin\gameDev\src\Debug\Game.exe при последней инкрементной компоновке; выполняется полная компоновка
  Game.vcxproj -> D:\codin\gameDev\src\Debug\Game.exe
